This is pdfTeX, Version 3.14159265-2.6-1.40.21 (MiKTeX 2.9.7300 64-bit) (preloaded format=pdflatex 2020.2.16)  17 FEB 2020 21:42
entering extended mode
**./Thesis.tex
(Thesis.tex
LaTeX2e <2020-02-02>
L3 programming layer <2020-02-03>
("C:\Program Files\MiKTeX 2.9\tex/latex/base\article.cls"
Document Class: article 2019/12/20 v1.4l Standard LaTeX document class
("C:\Program Files\MiKTeX 2.9\tex/latex/base\size11.clo"
File: size11.clo 2019/12/20 v1.4l Standard LaTeX file (size option)
)
\c@part=\count167
\c@section=\count168
\c@subsection=\count169
\c@subsubsection=\count170
\c@paragraph=\count171
\c@subparagraph=\count172
\c@figure=\count173
\c@table=\count174
\abovecaptionskip=\skip47
\belowcaptionskip=\skip48
\bibindent=\dimen134
)
("C:\Program Files\MiKTeX 2.9\tex/latex/base\inputenc.sty"
Package: inputenc 2018/08/11 v1.3c Input encoding file
\inpenc@prehook=\toks14
\inpenc@posthook=\toks15
)
("C:\Program Files\MiKTeX 2.9\tex/latex/graphics\graphicx.sty"
Package: graphicx 2019/11/30 v1.2a Enhanced LaTeX Graphics (DPC,SPQR)

("C:\Program Files\MiKTeX 2.9\tex/latex/graphics\keyval.sty"
Package: keyval 2014/10/28 v1.15 key=value parser (DPC)
\KV@toks@=\toks16
)
("C:\Program Files\MiKTeX 2.9\tex/latex/graphics\graphics.sty"
Package: graphics 2019/11/30 v1.4a Standard LaTeX Graphics (DPC,SPQR)

("C:\Program Files\MiKTeX 2.9\tex/latex/graphics\trig.sty"
Package: trig 2016/01/03 v1.10 sin cos tan (DPC)
)
("C:\Program Files\MiKTeX 2.9\tex/latex/graphics-cfg\graphics.cfg"
File: graphics.cfg 2016/06/04 v1.11 sample graphics configuration
)
Package graphics Info: Driver file: pdftex.def on input line 105.

("C:\Program Files\MiKTeX 2.9\tex/latex/graphics-def\pdftex.def"
File: pdftex.def 2018/01/08 v1.0l Graphics/color driver for pdftex
))
\Gin@req@height=\dimen135
\Gin@req@width=\dimen136
)
("C:\Program Files\MiKTeX 2.9\tex/generic/babel\babel.sty"
Package: babel 2020/02/03 3.39 The Babel package

("C:\Program Files\MiKTeX 2.9\tex/generic/babel\switch.def"
File: switch.def 2020/02/03 3.39 Babel switching mechanism
)
*************************************
* Local config file bblopts.cfg used
*
("C:\Program Files\MiKTeX 2.9\tex/latex/arabi\bblopts.cfg"
File: bblopts.cfg 2005/09/08 v0.1 add Arabic and Farsi to "declared" options of
 babel
)
("C:\Program Files\MiKTeX 2.9\tex/latex/babel-german\ngerman.ldf"
Language: ngerman 2018/12/08 v2.11 German support for babel (post-1996 orthogra
phy)

("C:\Program Files\MiKTeX 2.9\tex/latex/babel-german\ngermanb.ldf"
Language: ngermanb 2018/12/08 v2.11 German support for babel (post-1996 orthogr
aphy)

("C:\Program Files\MiKTeX 2.9\tex/generic/babel\babel.def"
File: babel.def 2020/02/03 3.39 Babel common definitions
\babel@savecnt=\count175
\U@D=\dimen137

("C:\Program Files\MiKTeX 2.9\tex/generic/babel\txtbabel.def")
\bbl@readstream=\read2
\bbl@dirlevel=\count176
)
Package babel Info: Making " an active character on input line 121.
)))
("C:\Program Files\MiKTeX 2.9\tex/latex/url\url.sty"
\Urlmuskip=\muskip16
Package: url 2013/09/16  ver 3.4  Verb mode for urls, etc.
)
("C:\Program Files\MiKTeX 2.9\tex/latex/float\float.sty"
Package: float 2001/11/08 v1.3d Float enhancements (AL)
\c@float@type=\count177
\float@exts=\toks17
\float@box=\box45
\@float@everytoks=\toks18
\@floatcapt=\box46
)
("C:\Program Files\MiKTeX 2.9\tex/latex/biblatex\biblatex.sty"
Package: biblatex 2019/12/01 v3.14 programmable bibliographies (PK/MW)

("C:\Program Files\MiKTeX 2.9\tex/latex/pdftexcmds\pdftexcmds.sty"
Package: pdftexcmds 2019/11/24 v0.31 Utility functions of pdfTeX for LuaTeX (HO
)

("C:\Program Files\MiKTeX 2.9\tex/generic/infwarerr\infwarerr.sty"
Package: infwarerr 2019/12/03 v1.5 Providing info/warning/error messages (HO)
)
("C:\Program Files\MiKTeX 2.9\tex/generic/iftex\iftex.sty"
Package: iftex 2019/11/07 v1.0c TeX engine tests
)
("C:\Program Files\MiKTeX 2.9\tex/generic/ltxcmds\ltxcmds.sty"
Package: ltxcmds 2019/12/15 v1.24 LaTeX kernel commands for general use (HO)
)
Package pdftexcmds Info: \pdf@primitive is available.
Package pdftexcmds Info: \pdf@ifprimitive is available.
Package pdftexcmds Info: \pdfdraftmode found.
)
("C:\Program Files\MiKTeX 2.9\tex/latex/etoolbox\etoolbox.sty"
Package: etoolbox 2019/09/21 v2.5h e-TeX tools for LaTeX (JAW)
\etb@tempcnta=\count178
)
("C:\Program Files\MiKTeX 2.9\tex/latex/kvoptions\kvoptions.sty"
Package: kvoptions 2019/11/29 v3.13 Key value format for package options (HO)

("C:\Program Files\MiKTeX 2.9\tex/generic/kvsetkeys\kvsetkeys.sty"
Package: kvsetkeys 2019/12/15 v1.18 Key value parser (HO)
))
("C:\Program Files\MiKTeX 2.9\tex/latex/logreq\logreq.sty"
Package: logreq 2010/08/04 v1.0 xml request logger
\lrq@indent=\count179

("C:\Program Files\MiKTeX 2.9\tex/latex/logreq\logreq.def"
File: logreq.def 2010/08/04 v1.0 logreq spec v1.0
))
("C:\Program Files\MiKTeX 2.9\tex/latex/base\ifthen.sty"
Package: ifthen 2014/09/29 v1.1c Standard LaTeX ifthen package (DPC)
)
\c@tabx@nest=\count180
\c@listtotal=\count181
\c@listcount=\count182
\c@liststart=\count183
\c@liststop=\count184
\c@citecount=\count185
\c@citetotal=\count186
\c@multicitecount=\count187
\c@multicitetotal=\count188
\c@instcount=\count189
\c@maxnames=\count190
\c@minnames=\count191
\c@maxitems=\count192
\c@minitems=\count193
\c@citecounter=\count194
\c@maxcitecounter=\count195
\c@savedcitecounter=\count196
\c@uniquelist=\count197
\c@uniquename=\count198
\c@refsection=\count199
\c@refsegment=\count266
\c@maxextratitle=\count267
\c@maxextratitleyear=\count268
\c@maxextraname=\count269
\c@maxextradate=\count270
\c@maxextraalpha=\count271
\c@abbrvpenalty=\count272
\c@highnamepenalty=\count273
\c@lownamepenalty=\count274
\c@maxparens=\count275
\c@parenlevel=\count276
\blx@tempcnta=\count277
\blx@tempcntb=\count278
\blx@tempcntc=\count279
\blx@maxsection=\count280
\blx@maxsegment@0=\count281
\blx@notetype=\count282
\blx@parenlevel@text=\count283
\blx@parenlevel@foot=\count284
\blx@sectionciteorder@0=\count285
\blx@entrysetcounter=\count286
\labelnumberwidth=\skip49
\labelalphawidth=\skip50
\biblabelsep=\skip51
\bibitemsep=\skip52
\bibnamesep=\skip53
\bibinitsep=\skip54
\bibparsep=\skip55
\bibhang=\skip56
\blx@bcfin=\read3
\blx@bcfout=\write3
\blx@langwohyphens=\language78
\c@mincomprange=\count287
\c@maxcomprange=\count288
\c@mincompwidth=\count289
Package biblatex Info: Trying to load biblatex default data model...
Package biblatex Info: ... file 'blx-dm.def' found.

("C:\Program Files\MiKTeX 2.9\tex/latex/biblatex\blx-dm.def"
File: blx-dm.def 2019/12/01 v3.14 biblatex localization (PK/MW)
)
Package biblatex Info: Trying to load biblatex style data model...
Package biblatex Info: ... file 'alphabetic.dbx' not found.
Package biblatex Info: Trying to load biblatex custom data model...
Package biblatex Info: ... file 'biblatex-dm.cfg' not found.
\c@afterword=\count290
\c@savedafterword=\count291
\c@annotator=\count292
\c@savedannotator=\count293
\c@author=\count294
\c@savedauthor=\count295
\c@bookauthor=\count296
\c@savedbookauthor=\count297
\c@commentator=\count298
\c@savedcommentator=\count299
\c@editor=\count300
\c@savededitor=\count301
\c@editora=\count302
\c@savededitora=\count303
\c@editorb=\count304
\c@savededitorb=\count305
\c@editorc=\count306
\c@savededitorc=\count307
\c@foreword=\count308
\c@savedforeword=\count309
\c@holder=\count310
\c@savedholder=\count311
\c@introduction=\count312
\c@savedintroduction=\count313
\c@namea=\count314
\c@savednamea=\count315
\c@nameb=\count316
\c@savednameb=\count317
\c@namec=\count318
\c@savednamec=\count319
\c@translator=\count320
\c@savedtranslator=\count321
\c@shortauthor=\count322
\c@savedshortauthor=\count323
\c@shorteditor=\count324
\c@savedshorteditor=\count325
\c@labelname=\count326
\c@savedlabelname=\count327
\c@institution=\count328
\c@savedinstitution=\count329
\c@lista=\count330
\c@savedlista=\count331
\c@listb=\count332
\c@savedlistb=\count333
\c@listc=\count334
\c@savedlistc=\count335
\c@listd=\count336
\c@savedlistd=\count337
\c@liste=\count338
\c@savedliste=\count339
\c@listf=\count340
\c@savedlistf=\count341
\c@location=\count342
\c@savedlocation=\count343
\c@organization=\count344
\c@savedorganization=\count345
\c@origlocation=\count346
\c@savedoriglocation=\count347
\c@origpublisher=\count348
\c@savedorigpublisher=\count349
\c@publisher=\count350
\c@savedpublisher=\count351
\c@language=\count352
\c@savedlanguage=\count353
\c@origlanguage=\count354
\c@savedoriglanguage=\count355
\c@pageref=\count356
\c@savedpageref=\count357
\shorthandwidth=\skip57
\shortjournalwidth=\skip58
\shortserieswidth=\skip59
\shorttitlewidth=\skip60
\shortauthorwidth=\skip61
\shorteditorwidth=\skip62
\locallabelnumberwidth=\skip63
\locallabelalphawidth=\skip64
\localshorthandwidth=\skip65
\localshortjournalwidth=\skip66
\localshortserieswidth=\skip67
\localshorttitlewidth=\skip68
\localshortauthorwidth=\skip69
\localshorteditorwidth=\skip70
Package biblatex Info: Trying to load compatibility code...
Package biblatex Info: ... file 'blx-compat.def' found.

("C:\Program Files\MiKTeX 2.9\tex/latex/biblatex\blx-compat.def"
File: blx-compat.def 2019/12/01 v3.14 biblatex compatibility (PK/MW)
)
Package biblatex Info: Trying to load BibTeX backend compatibility...
Package biblatex Info: ... file 'blx-bibtex.def' found.

("C:\Program Files\MiKTeX 2.9\tex/latex/biblatex\blx-bibtex.def"
File: blx-bibtex.def 2019/12/01 v3.14 biblatex compatibility (PK/MW)


Package biblatex Warning: Using fall-back BibTeX(8) backend:
(biblatex)                functionality may be reduced/unavailable.

)
Package biblatex Info: Trying to load generic definitions...
Package biblatex Info: ... file 'biblatex.def' found.
 ("C:\Program Files\MiKTeX 2.9\tex/latex/biblatex\biblatex.def"
File: biblatex.def 2019/12/01 v3.14 biblatex compatibility (PK/MW)
\c@textcitecount=\count358
\c@textcitetotal=\count359
\c@textcitemaxnames=\count360
\c@biburlbigbreakpenalty=\count361
\c@biburlbreakpenalty=\count362
\c@biburlnumpenalty=\count363
\c@biburlucpenalty=\count364
\c@biburllcpenalty=\count365
\biburlbigskip=\muskip17
\biburlnumskip=\muskip18
\biburlucskip=\muskip19
\biburllcskip=\muskip20
\c@smartand=\count366
)
Package biblatex Info: Trying to load bibliography style 'alphabetic'...
Package biblatex Info: ... file 'alphabetic.bbx' found.

("C:\Program Files\MiKTeX 2.9\tex/latex/biblatex/bbx\alphabetic.bbx"
File: alphabetic.bbx 2019/12/01 v3.14 biblatex bibliography style (PK/MW)
Package biblatex Info: Trying to load bibliography style 'standard'...
Package biblatex Info: ... file 'standard.bbx' found.

("C:\Program Files\MiKTeX 2.9\tex/latex/biblatex/bbx\standard.bbx"
File: standard.bbx 2019/12/01 v3.14 biblatex bibliography style (PK/MW)
\c@bbx:relatedcount=\count367
\c@bbx:relatedtotal=\count368
))
Package biblatex Info: Trying to load citation style 'alphabetic'...
Package biblatex Info: ... file 'alphabetic.cbx' found.

("C:\Program Files\MiKTeX 2.9\tex/latex/biblatex/cbx\alphabetic.cbx"
File: alphabetic.cbx 2019/12/01 v3.14 biblatex citation style (PK/MW)
Package biblatex Info: Redefining '\cite'.
Package biblatex Info: Redefining '\parencite'.
Package biblatex Info: Redefining '\footcite'.
Package biblatex Info: Redefining '\footcitetext'.
Package biblatex Info: Redefining '\smartcite'.
Package biblatex Info: Redefining '\textcite'.
Package biblatex Info: Redefining '\textcites'.
Package biblatex Info: Redefining '\cites'.
Package biblatex Info: Redefining '\parencites'.
Package biblatex Info: Redefining '\smartcites'.
)
Package biblatex Info: Trying to load configuration file...
Package biblatex Info: ... file 'biblatex.cfg' found.

("C:\Program Files\MiKTeX 2.9\tex/latex/biblatex\biblatex.cfg"
File: biblatex.cfg 
))
("C:\Program Files\MiKTeX 2.9\tex/latex/xcolor\xcolor.sty"
Package: xcolor 2016/05/11 v2.12 LaTeX color extensions (UK)

("C:\Program Files\MiKTeX 2.9\tex/latex/graphics-cfg\color.cfg"
File: color.cfg 2016/01/02 v1.6 sample color configuration
)
Package xcolor Info: Driver file: pdftex.def on input line 225.
Package xcolor Info: Model `cmy' substituted by `cmy0' on input line 1348.
Package xcolor Info: Model `hsb' substituted by `rgb' on input line 1352.
Package xcolor Info: Model `RGB' extended on input line 1364.
Package xcolor Info: Model `HTML' substituted by `rgb' on input line 1366.
Package xcolor Info: Model `Hsb' substituted by `hsb' on input line 1367.
Package xcolor Info: Model `tHsb' substituted by `hsb' on input line 1368.
Package xcolor Info: Model `HSB' substituted by `hsb' on input line 1369.
Package xcolor Info: Model `Gray' substituted by `gray' on input line 1370.
Package xcolor Info: Model `wave' substituted by `hsb' on input line 1371.

("C:\Program Files\MiKTeX 2.9\tex/latex/graphics\dvipsnam.def"
File: dvipsnam.def 2016/06/17 v3.0m Driver-dependent file (DPC,SPQR)
))
("C:\Program Files\MiKTeX 2.9\tex/latex/geometry\geometry.sty"
Package: geometry 2020/01/02 v5.9 Page Geometry

("C:\Program Files\MiKTeX 2.9\tex/generic/iftex\ifvtex.sty"
Package: ifvtex 2019/10/25 v1.7 ifvtex legacy package. Use iftex instead.
)
\Gm@cnth=\count369
\Gm@cntv=\count370
\c@Gm@tempcnt=\count371
\Gm@bindingoffset=\dimen138
\Gm@wd@mp=\dimen139
\Gm@odd@mp=\dimen140
\Gm@even@mp=\dimen141
\Gm@layoutwidth=\dimen142
\Gm@layoutheight=\dimen143
\Gm@layouthoffset=\dimen144
\Gm@layoutvoffset=\dimen145
\Gm@dimlist=\toks19

("C:\Program Files\MiKTeX 2.9\tex/latex/geometry\geometry.cfg"))

Package biblatex Warning: 'babel/polyglossia' detected but 'csquotes' missing.
(biblatex)                Loading 'csquotes' recommended.

\@quotelevel=\count372
\@quotereset=\count373
("C:\Program Files\MiKTeX 2.9\tex/latex/l3backend\l3backend-pdfmode.def"
File: l3backend-pdfmode.def 2020-02-03 L3 backend support: PDF mode
\l__kernel_color_stack_int=\count374
\l__pdf_internal_box=\box47
)
No file Thesis.aux.
\openout1 = `Thesis.aux'.

LaTeX Font Info:    Checking defaults for OML/cmm/m/it on input line 22.
LaTeX Font Info:    ... okay on input line 22.
LaTeX Font Info:    Checking defaults for OMS/cmsy/m/n on input line 22.
LaTeX Font Info:    ... okay on input line 22.
LaTeX Font Info:    Checking defaults for OT1/cmr/m/n on input line 22.
LaTeX Font Info:    ... okay on input line 22.
LaTeX Font Info:    Checking defaults for T1/cmr/m/n on input line 22.
LaTeX Font Info:    ... okay on input line 22.
LaTeX Font Info:    Checking defaults for TS1/cmr/m/n on input line 22.
LaTeX Font Info:    ... okay on input line 22.
LaTeX Font Info:    Checking defaults for OMX/cmex/m/n on input line 22.
LaTeX Font Info:    ... okay on input line 22.
LaTeX Font Info:    Checking defaults for U/cmr/m/n on input line 22.
LaTeX Font Info:    ... okay on input line 22.
("C:\Program Files\MiKTeX 2.9\tex/context/base/mkii\supp-pdf.mkii"
[Loading MPS to PDF converter (version 2006.09.02).]
\scratchcounter=\count375
\scratchdimen=\dimen146
\scratchbox=\box48
\nofMPsegments=\count376
\nofMParguments=\count377
\everyMPshowfont=\toks20
\MPscratchCnt=\count378
\MPscratchDim=\dimen147
\MPnumerator=\count379
\makeMPintoPDFobject=\count380
\everyMPtoPDFconversion=\toks21
) ("C:\Program Files\MiKTeX 2.9\tex/latex/epstopdf-pkg\epstopdf-base.sty"
Package: epstopdf-base 2020-01-24 v2.11 Base part for package epstopdf
Package epstopdf-base Info: Redefining graphics rule for `.eps' on input line 4
85.
)
Package biblatex Info: Trying to load language 'ngerman'...
Package biblatex Info: ... file 'ngerman.lbx' found.

("C:\Program Files\MiKTeX 2.9\tex/latex/biblatex/lbx\ngerman.lbx"
File: ngerman.lbx 2019/12/01 v3.14 biblatex localization (PK/MW)
Package biblatex Info: Trying to load language 'german'...
Package biblatex Info: ... file 'german.lbx' found.

("C:\Program Files\MiKTeX 2.9\tex/latex/biblatex/lbx\german.lbx"
File: german.lbx 2019/12/01 v3.14 biblatex localization (PK/MW)
)
Package biblatex Info: Trying to load language 'german'...
Package biblatex Info: ... file 'german.lbx' found.

("C:\Program Files\MiKTeX 2.9\tex/latex/biblatex/lbx\german.lbx"
File: german.lbx 2019/12/01 v3.14 biblatex localization (PK/MW)
))
Package biblatex Info: Input encoding 'utf8' detected.
Package biblatex Info: Automatic encoding selection.
(biblatex)             Assuming data encoding 'utf8'.
Package biblatex Info: Input encoding 'utf8' specified.
Package biblatex Info: Data encoding 'utf8' specified.
(biblatex)             No need to reencode data.
\openout3 = `Thesis-blx.bib'.

Package biblatex Info: Trying to load bibliographic data...
Package biblatex Info: ... file 'Thesis.bbl' not found.

No file Thesis.bbl.
Package biblatex Info: Reference section=0 on input line 22.
Package biblatex Info: Reference segment=0 on input line 22.
*geometry* driver: auto-detecting
*geometry* detected driver: pdftex
*geometry* verbose mode - [ preamble ] result:
* driver: pdftex
* paper: <default>
* layout: <same size as paper>
* layoutoffset:(h,v)=(0.0pt,0.0pt)
* modes: 
* h-part:(L,W,R)=(99.58464pt, 443.57848pt, 71.13188pt)
* v-part:(T,H,B)=(71.13188pt, 666.9326pt, 56.9055pt)
* \paperwidth=614.295pt
* \paperheight=794.96999pt
* \textwidth=443.57848pt
* \textheight=666.9326pt
* \oddsidemargin=27.31465pt
* \evensidemargin=27.31465pt
* \topmargin=-38.1381pt
* \headheight=12.0pt
* \headsep=25.0pt
* \topskip=11.0pt
* \footskip=30.0pt
* \marginparwidth=59.0pt
* \marginparsep=10.0pt
* \columnsep=10.0pt
* \skip\footins=10.0pt plus 4.0pt minus 2.0pt
* \hoffset=0.0pt
* \voffset=0.0pt
* \mag=1000
* \@twocolumnfalse
* \@twosidefalse
* \@mparswitchfalse
* \@reversemarginfalse
* (1in=72.27pt=25.4mm, 1cm=28.453pt)

LaTeX Font Info:    External font `cmex10' loaded for size
(Font)              <12> on input line 23.
LaTeX Font Info:    External font `cmex10' loaded for size
(Font)              <8> on input line 23.
LaTeX Font Info:    External font `cmex10' loaded for size
(Font)              <6> on input line 23.
[1

{C:/Users/gppas/AppData/Local/MiKTeX/2.9/pdftex/config/pdftex.map}]
Underfull \hbox (badness 10000) in paragraph at lines 25--30

 []


Underfull \hbox (badness 10000) in paragraph at lines 25--30

 []

[2]
LaTeX Font Info:    External font `cmex10' loaded for size
(Font)              <10.95> on input line 33.

Underfull \hbox (badness 10000) in paragraph at lines 31--71

 []


Underfull \hbox (badness 10000) in paragraph at lines 31--71

 []

[3]
No file Thesis.toc.
\tf@toc=\write4
\openout4 = `Thesis.toc'.

[4]

LaTeX Warning: Citation 'mell2011nist' on page 5 undefined on input line 89.


Underfull \hbox (badness 10000) in paragraph at lines 89--90

 []


Underfull \hbox (badness 10000) in paragraph at lines 89--90

 []


LaTeX Warning: Citation 'regalado2011coined' on page 5 undefined on input line 
93.


LaTeX Warning: Citation 'fox2009above' on page 5 undefined on input line 94.


LaTeX Warning: Citation 'fox2009above' on page 5 undefined on input line 94.


Overfull \hbox (26.78545pt too wide) in paragraph at lines 93--95
\OT1/cmr/m/n/10.95 Der Be-griff Cloud Com-pu-ting ist laut ei-nes Tech-no-lo-gy
 Re-port bis auf das Jahr 1996 zur[]uckzuf[]uhren,
 []


Underfull \hbox (badness 10000) in paragraph at lines 93--95

 []


Underfull \hbox (badness 10000) in paragraph at lines 93--95

 []

[5]

LaTeX Warning: Citation 'mell2011nist' on page 6 undefined on input line 103.


LaTeX Warning: Citation 'mell2011nist' on page 6 undefined on input line 104.


LaTeX Warning: Citation 'mell2011nist' on page 6 undefined on input line 107.

<./images/serviceModels.png, id=22, 1005.7575pt x 1547.7825pt>
File: ./images/serviceModels.png Graphic file (type png)
<use ./images/serviceModels.png>
Package pdftex.def Info: ./images/serviceModels.png  used on input line 112.
(pdftex.def)             Requested size: 1005.75505pt x 1547.77875pt.

Underfull \hbox (badness 10000) in paragraph at lines 103--113

 []


Underfull \hbox (badness 10000) in paragraph at lines 103--113

 []


Underfull \hbox (badness 10000) in paragraph at lines 103--113

 []

[6]

LaTeX Warning: Reference `fig:cloudComputingConcepts' on page 7 undefined on in
put line 114.

LaTeX Font Info:    External font `cmex10' loaded for size
(Font)              <9> on input line 118.
LaTeX Font Info:    External font `cmex10' loaded for size
(Font)              <5> on input line 118.

LaTeX Warning: Citation 'mell2011nist' on page 7 undefined on input line 119.

<./images/ProgrammingModel.png, id=28, 1587.9325pt x 507.8975pt>
File: ./images/ProgrammingModel.png Graphic file (type png)
<use ./images/ProgrammingModel.png>
Package pdftex.def Info: ./images/ProgrammingModel.png  used on input line 124.

(pdftex.def)             Requested size: 443.57848pt x 141.87709pt.

Underfull \hbox (badness 10000) in paragraph at lines 118--125

 []


Underfull \hbox (badness 10000) in paragraph at lines 118--125

 []

[7 <./images/serviceModels.png>]

LaTeX Warning: Reference `fig:openWhiskProgrammingModel' on page 8 undefined on
 input line 126.


LaTeX Warning: Citation 'van2019spec' on page 8 undefined on input line 126.


LaTeX Warning: Citation 'jonas2019cloud' on page 8 undefined on input line 127.



LaTeX Warning: Citation 'fowler2018serverless' on page 8 undefined on input lin
e 128.


LaTeX Warning: Reference `fig:FaaSBaaSExample' on page 8 undefined on input lin
e 129.


LaTeX Warning: Citation 'shafiei2020serverless' on page 8 undefined on input li
ne 131.

<./images/FaaS.png, id=37, 979.66pt x 664.4825pt>
File: ./images/FaaS.png Graphic file (type png)
<use ./images/FaaS.png>
Package pdftex.def Info: ./images/FaaS.png  used on input line 134.
(pdftex.def)             Requested size: 443.57848pt x 300.86983pt.

Underfull \hbox (badness 10000) in paragraph at lines 126--135

 []


Underfull \hbox (badness 10000) in paragraph at lines 126--135

 []


Underfull \hbox (badness 10000) in paragraph at lines 126--135

 []

[8 <./images/ProgrammingModel.png>] [9]

LaTeX Warning: Citation 'liu2011nist' on page 10 undefined on input line 137.


LaTeX Warning: Citation 'foster2003grid' on page 10 undefined on input line 137
.


LaTeX Warning: Citation 'leitner2019mixed' on page 10 undefined on input line 1
37.


LaTeX Warning: Citation 'van2019spec' on page 10 undefined on input line 137.


LaTeX Warning: Citation 'Yussupov2019_SystematicMappingStudyFaaS' on page 10 un
defined on input line 137.


Underfull \hbox (badness 10000) in paragraph at lines 136--138

 []


Overfull \hbox (1.87299pt too wide) in paragraph at lines 136--138
\OT1/cmr/m/n/10.95 Um FaaS bes-ser und ein-heit-li-cher de-fi-nie-ren zu k[]onn
e und da-mit einen platt-form[]ubergreifenden
 []


Underfull \hbox (badness 10000) in paragraph at lines 136--138

 []


Underfull \hbox (badness 10000) in paragraph at lines 136--138

 []


LaTeX Warning: Citation 'jackson2018investigation' on page 10 undefined on inpu
t line 141.


LaTeX Warning: Reference `fig:serverlessBaaSandPaas' on page 10 undefined on in
put line 141.


LaTeX Warning: Citation 'fowler2018serverless' on page 10 undefined on input li
ne 141.


LaTeX Warning: Citation 'baldini2017serverless' on page 10 undefined on input l
ine 142.


LaTeX Warning: Citation 'kritikos2018review' on page 10 undefined on input line
 142.


LaTeX Warning: Citation 'leitner2019mixed' on page 10 undefined on input line 1
43.


LaTeX Warning: Reference `fig:serverlessBaaSandPaas' on page 10 undefined on in
put line 143.

<./images/Serverless.png, id=45, 1186.4325pt x 764.8575pt>
File: ./images/Serverless.png Graphic file (type png)
<use ./images/Serverless.png>
Package pdftex.def Info: ./images/Serverless.png  used on input line 148.
(pdftex.def)             Requested size: 310.50357pt x 200.16537pt.

Underfull \hbox (badness 10000) in paragraph at lines 141--149

 []


Underfull \hbox (badness 10000) in paragraph at lines 141--149

 []

[10 <./images/FaaS.png>]

LaTeX Warning: Citation 'leitner2019mixed' on page 11 undefined on input line 1
50.


LaTeX Warning: Citation 'kaplan2019framework' on page 11 undefined on input lin
e 150.


LaTeX Warning: Citation 'fowler2018serverless' on page 11 undefined on input li
ne 151.


LaTeX Warning: Citation 'eivy2017wary' on page 11 undefined on input line 151.


Underfull \hbox (badness 10000) in paragraph at lines 150--152

 []


Underfull \hbox (badness 10000) in paragraph at lines 150--152

 []


Underfull \hbox (badness 10000) in paragraph at lines 150--152

 []


Underfull \hbox (badness 10000) in paragraph at lines 150--152

 []

[11 <./images/Serverless.png>]

LaTeX Warning: Reference `fig:serverlessBaaSandPaas' on page 12 undefined on in
put line 155.


LaTeX Warning: Citation 'shafiei2020serverless' on page 12 undefined on input l
ine 166.


LaTeX Warning: Citation 'fowler2018serverless' on page 12 undefined on input li
ne 166.


LaTeX Warning: Citation 'shafiei2020serverless' on page 12 undefined on input l
ine 172.


LaTeX Warning: Citation 'shafiei2020serverless' on page 12 undefined on input l
ine 172.


LaTeX Warning: Citation 'fowler2018serverless' on page 12 undefined on input li
ne 174.


LaTeX Warning: Citation 'jonas2019cloud' on page 12 undefined on input line 176
.


LaTeX Warning: Citation 'jonas2019cloud' on page 12 undefined on input line 177
.


LaTeX Warning: Citation 'shafiei2020serverless' on page 12 undefined on input l
ine 178.


LaTeX Warning: Citation 'shafiei2020serverless' on page 12 undefined on input l
ine 181.

<./images/DependencyGraph.png, id=54, 1214.5375pt x 570.13pt>
File: ./images/DependencyGraph.png Graphic file (type png)
<use ./images/DependencyGraph.png>
Package pdftex.def Info: ./images/DependencyGraph.png  used on input line 184.
(pdftex.def)             Requested size: 443.57848pt x 208.22186pt.

Underfull \hbox (badness 10000) in paragraph at lines 155--185

 []


Underfull \hbox (badness 10000) in paragraph at lines 155--185

 []


Underfull \hbox (badness 10000) in paragraph at lines 155--185

 []


Underfull \hbox (badness 10000) in paragraph at lines 155--185

 []


Underfull \hbox (badness 10000) in paragraph at lines 155--185

 []


Underfull \hbox (badness 10000) in paragraph at lines 155--185

 []


Underfull \hbox (badness 10000) in paragraph at lines 155--185

 []


Underfull \hbox (badness 10000) in paragraph at lines 155--185

 []


Underfull \hbox (badness 10000) in paragraph at lines 155--185

 []


Underfull \hbox (badness 10000) in paragraph at lines 155--185

 []


Underfull \hbox (badness 10000) in paragraph at lines 155--185

 []


Underfull \hbox (badness 10000) in paragraph at lines 155--185

 []


Underfull \hbox (badness 10000) in paragraph at lines 155--185

 []


Underfull \hbox (badness 10000) in paragraph at lines 155--185

 []


Underfull \hbox (badness 10000) in paragraph at lines 155--185

 []


Underfull \hbox (badness 10000) in paragraph at lines 155--185

 []


Underfull \hbox (badness 10000) in paragraph at lines 155--185

 []


Underfull \hbox (badness 10000) in paragraph at lines 155--185

 []

[12] [13]

LaTeX Warning: Reference `fig:dependencyGraph' on page 14 undefined on input li
ne 186.


LaTeX Warning: Citation 'manner2018cold' on page 14 undefined on input line 186
.


LaTeX Warning: Citation 'aditya2019will' on page 14 undefined on input line 186
.


LaTeX Warning: Citation 'jackson2018investigation' on page 14 undefined on inpu
t line 186.


Underfull \hbox (badness 10000) in paragraph at lines 189--189
[][]\OT1/cmr/m/n/9 https://searchsecurity.techtarget.com/news/450422962/Another
-AWS-cloud-data-leakage-due-to-
 []


LaTeX Warning: Citation 'fowler2018serverless' on page 14 undefined on input li
ne 190.


LaTeX Warning: Citation 'mcgrath2017serverless' on page 14 undefined on input l
ine 190.


LaTeX Warning: Citation 'shahrad2019architectural' on page 14 undefined on inpu
t line 194.


LaTeX Warning: Citation 'shafiei2020serverless' on page 14 undefined on input l
ine 194.


LaTeX Warning: Citation 'jonas2019cloud' on page 14 undefined on input line 194
.


LaTeX Warning: Citation 'roberts2017serverless' on page 14 undefined on input l
ine 194.


LaTeX Warning: Citation 'roberts2017serverless' on page 14 undefined on input l
ine 194.


LaTeX Warning: Citation 'castro2019server' on page 14 undefined on input line 1
94.


LaTeX Warning: Citation 'ishakian2018serving' on page 14 undefined on input lin
e 194.


Underfull \hbox (badness 10000) in paragraph at lines 186--196

 []


Underfull \hbox (badness 10000) in paragraph at lines 186--196

 []


Underfull \hbox (badness 10000) in paragraph at lines 186--196

 []


Underfull \hbox (badness 10000) in paragraph at lines 186--196

 []


Underfull \hbox (badness 10000) in paragraph at lines 186--196

 []


Underfull \hbox (badness 10000) in paragraph at lines 186--196

 []


Overfull \hbox (6.73274pt too wide) in paragraph at lines 186--196
\OT1/cmr/m/it/10.95 Cold Starts \OT1/cmr/m/n/10.95 be-zie-hen sich auf das Star
-ten ei-nes Con-tai-ners, in wel-chem ei-ne Ko-pie der ben[]otigten
 []


Underfull \hbox (badness 10000) in paragraph at lines 186--196

 []


Underfull \hbox (badness 10000) in paragraph at lines 186--196

 []

[14 <./images/DependencyGraph.png>] [15] [16]
Underfull \hbox (badness 10000) in paragraph at lines 212--213

 []

<./images/DevOps.png, id=72, 2517.405pt x 1256.695pt>
File: ./images/DevOps.png Graphic file (type png)
<use ./images/DevOps.png>
Package pdftex.def Info: ./images/DevOps.png  used on input line 221.
(pdftex.def)             Requested size: 443.57848pt x 221.42061pt.
[17]

LaTeX Warning: Citation 'manner2018cold' on page 18 undefined on input line 226
.


LaTeX Warning: Citation 'puripunpinyo2017effect' on page 18 undefined on input 
line 226.


LaTeX Warning: Citation 'jonas2019cloud' on page 18 undefined on input line 226
.


LaTeX Warning: Citation 'jonas2019cloud' on page 18 undefined on input line 226
.


LaTeX Warning: Citation 'eivy2017wary' on page 18 undefined on input line 226.


LaTeX Warning: Citation 'sewak2018winning' on page 18 undefined on input line 2
26.


LaTeX Warning: Citation 'leitner2019mixed' on page 18 undefined on input line 2
26.


Underfull \hbox (badness 10000) in paragraph at lines 226--227

 []


Underfull \hbox (badness 10000) in paragraph at lines 226--227

 []


Underfull \hbox (badness 10000) in paragraph at lines 226--227

 []


Underfull \hbox (badness 10000) in paragraph at lines 226--227

 []


Underfull \hbox (badness 10000) in paragraph at lines 226--227

 []


Underfull \hbox (badness 10000) in paragraph at lines 226--227

 []

[18 <./images/DevOps.png>] [19]

LaTeX Warning: Citation 'bardsley2018serverless' on page 20 undefined on input 
line 230.


LaTeX Warning: Citation 'wright1998compiling' on page 20 undefined on input lin
e 230.


LaTeX Warning: Citation 'spillner2017java' on page 20 undefined on input line 2
30.


LaTeX Warning: Citation 'leitner2019mixed' on page 20 undefined on input line 2
30.


LaTeX Warning: Citation 'leitner2019mixed' on page 20 undefined on input line 2
30.


Underfull \hbox (badness 10000) in paragraph at lines 230--231

 []


Underfull \hbox (badness 10000) in paragraph at lines 230--231

 []


LaTeX Warning: Citation 'fox2017status' on page 20 undefined on input line 234.



LaTeX Warning: Citation 'benlian2018transformative' on page 20 undefined on inp
ut line 234.


LaTeX Warning: Citation 'shafiei2020serverless' on page 20 undefined on input l
ine 234.


LaTeX Warning: Citation 'racicot2019quality' on page 20 undefined on input line
 234.


LaTeX Warning: Citation 'brousse2019issue' on page 20 undefined on input line 2
34.


LaTeX Warning: Citation 'racicot2019quality' on page 20 undefined on input line
 234.


LaTeX Warning: Citation 'Yussupov2019_SystematicMappingStudyFaaS' on page 20 un
defined on input line 234.


LaTeX Warning: Citation 'leitner2019mixed' on page 20 undefined on input line 2
34.


LaTeX Warning: Citation 'leitner2019mixed' on page 20 undefined on input line 2
34.


LaTeX Warning: Citation 'ivanov2018implementation' on page 20 undefined on inpu
t line 234.


Overfull \hbox (0.12555pt too wide) in paragraph at lines 234--235
\OT1/cmr/m/n/10.95 nies and teams to ad-opt an agi-le mind-set and agi-le tech-
ni-ques [[]].
 []


Underfull \hbox (badness 10000) in paragraph at lines 234--235

 []


Underfull \hbox (badness 10000) in paragraph at lines 234--235

 []


Underfull \hbox (badness 10000) in paragraph at lines 234--235

 []


Underfull \hbox (badness 10000) in paragraph at lines 234--235

 []


Underfull \hbox (badness 10000) in paragraph at lines 234--235

 []


Underfull \hbox (badness 10000) in paragraph at lines 234--235

 []


Underfull \hbox (badness 10000) in paragraph at lines 234--235

 []


Underfull \hbox (badness 10000) in paragraph at lines 234--235

 []


Underfull \hbox (badness 10000) in paragraph at lines 234--235

 []

[20] [21]

LaTeX Warning: Citation 'palade2019evaluation' on page 22 undefined on input li
ne 238.


LaTeX Warning: Citation 'mohanty2018evaluation' on page 22 undefined on input l
ine 238.


Underfull \hbox (badness 10000) in paragraph at lines 238--239

 []


Underfull \hbox (badness 10000) in paragraph at lines 238--239

 []


Underfull \hbox (badness 10000) in paragraph at lines 238--239

 []


Underfull \hbox (badness 10000) in paragraph at lines 238--239

 []


Underfull \hbox (badness 10000) in paragraph at lines 238--239

 []


Underfull \hbox (badness 10000) in paragraph at lines 238--239

 []


Underfull \hbox (badness 10000) in paragraph at lines 238--239

 []

[22]

LaTeX Warning: Citation 'kritikos2018review' on page 23 undefined on input line
 242.


LaTeX Warning: Citation 'van2019spec' on page 23 undefined on input line 242.


LaTeX Warning: Reference `fig:openWhiskProgrammingModel' on page 23 undefined o
n input line 242.


LaTeX Warning: Citation 'mohanty2018evaluation' on page 23 undefined on input l
ine 242.


LaTeX Warning: Citation 'kumar2019serverless' on page 23 undefined on input lin
e 242.


LaTeX Warning: Citation 'manner2018cold' on page 23 undefined on input line 242
.


LaTeX Warning: Citation 'manner2018cold' on page 23 undefined on input line 242
.


LaTeX Warning: Citation 'pawlik2019performance' on page 23 undefined on input l
ine 242.


LaTeX Warning: Citation 'pawlik2019performance' on page 23 undefined on input l
ine 242.


LaTeX Warning: Citation 'pawlik2019performance' on page 23 undefined on input l
ine 242.


Underfull \hbox (badness 10000) in paragraph at lines 242--243

 []


Underfull \hbox (badness 10000) in paragraph at lines 242--243

 []


Underfull \hbox (badness 10000) in paragraph at lines 242--243

 []


Underfull \hbox (badness 10000) in paragraph at lines 242--243

 []


Underfull \hbox (badness 10000) in paragraph at lines 242--243

 []


Underfull \hbox (badness 10000) in paragraph at lines 242--243

 []


Underfull \hbox (badness 10000) in paragraph at lines 242--243

 []


Underfull \hbox (badness 10000) in paragraph at lines 242--243

 []


Underfull \hbox (badness 10000) in paragraph at lines 242--243

 []


Underfull \hbox (badness 10000) in paragraph at lines 242--243

 []


Underfull \hbox (badness 10000) in paragraph at lines 242--243

 []


Underfull \hbox (badness 10000) in paragraph at lines 242--243

 []

[23] [24] [25]

LaTeX Warning: Citation 'leitner2019mixed' on page 26 undefined on input line 2
44.


LaTeX Warning: Citation 'lopez2018comparison' on page 26 undefined on input lin
e 244.


LaTeX Warning: Citation 'manner2018cold' on page 26 undefined on input line 244
.


LaTeX Warning: Citation 'jackson2018investigation' on page 26 undefined on inpu
t line 244.


LaTeX Warning: Citation 'lopez2018comparison' on page 26 undefined on input lin
e 244.


LaTeX Warning: Citation 'lopez2018comparison' on page 26 undefined on input lin
e 244.


LaTeX Warning: Reference `fig:orchestration' on page 26 undefined on input line
 244.


LaTeX Warning: Citation 'lopez2018comparison' on page 26 undefined on input lin
e 244.


LaTeX Warning: Citation 'lopez2018comparison' on page 26 undefined on input lin
e 246.


LaTeX Warning: Citation 'lopez2018comparison' on page 26 undefined on input lin
e 246.

<./images/Orchestration.png, id=103, 963.6pt x 373.395pt>
File: ./images/Orchestration.png Graphic file (type png)
<use ./images/Orchestration.png>
Package pdftex.def Info: ./images/Orchestration.png  used on input line 249.
(pdftex.def)             Requested size: 310.50357pt x 120.31497pt.

Underfull \hbox (badness 10000) in paragraph at lines 244--250

 []


Underfull \hbox (badness 10000) in paragraph at lines 244--250

 []


Overfull \hbox (19.70528pt too wide) in paragraph at lines 244--250
\OT1/cmr/m/n/10.95 durch va-ri-ie-ren-de \OT1/cmr/m/it/10.95 Cold-Start \OT1/cm
r/m/n/10.95 Zei-ten [sie-he [[]] und [[]]],
 []


Underfull \hbox (badness 10000) in paragraph at lines 244--250

 []


Underfull \hbox (badness 10000) in paragraph at lines 244--250

 []


Underfull \hbox (badness 10000) in paragraph at lines 244--250

 []


Underfull \hbox (badness 10000) in paragraph at lines 244--250

 []

[26] [27]

LaTeX Warning: Citation 'lopez2018comparison' on page 28 undefined on input lin
e 251.


LaTeX Warning: Citation 'lopez2018comparison' on page 28 undefined on input lin
e 251.


LaTeX Warning: Citation 'roberts2017serverless' on page 28 undefined on input l
ine 254.


LaTeX Warning: Citation 'racicot2019quality' on page 28 undefined on input line
 254.


LaTeX Warning: Citation 'leitner2019mixed' on page 28 undefined on input line 2
54.


LaTeX Warning: Citation 'leitner2019mixed' on page 28 undefined on input line 2
54.


Underfull \hbox (badness 10000) in paragraph at lines 254--255

 []


Underfull \hbox (badness 10000) in paragraph at lines 254--255

 []

[28 <./images/Orchestration.png>]

LaTeX Warning: Citation 'manner2019troubleshooting' on page 29 undefined on inp
ut line 260.

<./images/monitoring.png, id=116, 1583.9175pt x 461.725pt>
File: ./images/monitoring.png Graphic file (type png)
<use ./images/monitoring.png>
Package pdftex.def Info: ./images/monitoring.png  used on input line 263.
(pdftex.def)             Requested size: 443.57848pt x 129.30325pt.

LaTeX Warning: Citation 'roberts2017serverless' on page 29 undefined on input l
ine 265.


LaTeX Warning: Citation 'baldini2017serverless' on page 29 undefined on input l
ine 265.


LaTeX Warning: Citation 'kritikos2018review' on page 29 undefined on input line
 265.


LaTeX Warning: Citation 'manner2019troubleshooting' on page 29 undefined on inp
ut line 265.


LaTeX Warning: Reference `fig:manner' on page 29 undefined on input line 265.


LaTeX Warning: Citation 'manner2019troubleshooting' on page 29 undefined on inp
ut line 265.


LaTeX Warning: Citation 'manner2019troubleshooting' on page 29 undefined on inp
ut line 265.


Underfull \hbox (badness 10000) in paragraph at lines 265--267

 []


Underfull \hbox (badness 10000) in paragraph at lines 265--267

 []


Underfull \hbox (badness 10000) in paragraph at lines 265--267

 []

[29 <./images/monitoring.png>] [30]
<./images/DevOps modified.png, id=124, 2569.6pt x 1332.98pt>
File: ./images/DevOps modified.png Graphic file (type png)
<use ./images/DevOps modified.png>
Package pdftex.def Info: ./images/DevOps modified.png  used on input line 272.
(pdftex.def)             Requested size: 443.57848pt x 230.102pt.
 [31 <./images/DevOps modified.png>]

LaTeX Warning: Citation 'al2019systematic' on page 32 undefined on input line 2
87.


LaTeX Warning: Citation 'shafiei2020serverless' on page 32 undefined on input l
ine 287.


LaTeX Warning: Citation 'shafiei2020serverless' on page 32 undefined on input l
ine 288.


LaTeX Warning: Citation 'shafiei2020serverless' on page 32 undefined on input l
ine 289.


LaTeX Warning: Citation 'shafiei2020serverless' on page 32 undefined on input l
ine 289.


LaTeX Warning: Citation 'hellerstein2018serverless' on page 32 undefined on inp
ut line 290.


LaTeX Warning: Citation 'shahrad2019architectural' on page 32 undefined on inpu
t line 294.

[32]

LaTeX Warning: Empty bibliography on input line 296.

(Thesis.aux)

LaTeX Warning: There were undefined references.


LaTeX Warning: Label(s) may have changed. Rerun to get cross-references right.


Package biblatex Warning: Please (re)run BibTeX on the file(s):
(biblatex)                Thesis
(biblatex)                and rerun LaTeX afterwards.

Package logreq Info: Writing requests to 'Thesis.run.xml'.
\openout1 = `Thesis.run.xml'.

 ) 
Here is how much of TeX's memory you used:
 10442 strings out of 481565
 184382 string characters out of 2923944
 671486 words of memory out of 3000000
 25578 multiletter control sequences out of 15000+200000
 538767 words of font info for 45 fonts, out of 3000000 for 9000
 1143 hyphenation exceptions out of 8191
 36i,11n,39p,9152b,2193s stack positions out of 5000i,500n,10000p,200000b,50000s
<C:/Program Files/MiKTeX 2.9/fonts/type1/public/amsfonts/cm/cmbx10.pfb><C:/Pr
ogram Files/MiKTeX 2.9/fonts/type1/public/amsfonts/cm/cmbx12.pfb><C:/Program Fi
les/MiKTeX 2.9/fonts/type1/public/amsfonts/cm/cmmi6.pfb><C:/Program Files/MiKTe
X 2.9/fonts/type1/public/amsfonts/cm/cmmi9.pfb><C:/Program Files/MiKTeX 2.9/fon
ts/type1/public/amsfonts/cm/cmr10.pfb><C:/Program Files/MiKTeX 2.9/fonts/type1/
public/amsfonts/cm/cmr12.pfb><C:/Program Files/MiKTeX 2.9/fonts/type1/public/am
sfonts/cm/cmr17.pfb><C:/Program Files/MiKTeX 2.9/fonts/type1/public/amsfonts/cm
/cmr6.pfb><C:/Program Files/MiKTeX 2.9/fonts/type1/public/amsfonts/cm/cmr8.pfb>
<C:/Program Files/MiKTeX 2.9/fonts/type1/public/amsfonts/cm/cmr9.pfb><C:/Progra
m Files/MiKTeX 2.9/fonts/type1/public/amsfonts/cm/cmti10.pfb>
Output written on Thesis.pdf (32 pages, 997679 bytes).
PDF statistics:
 168 PDF objects out of 1000 (max. 8388607)
 0 named destinations out of 1000 (max. 500000)
 46 words of extra memory for PDF output out of 10000 (max. 10000000)

